[debug] [2023-10-22T13:26:15.867Z] ----------------------------------------------------------------------
[debug] [2023-10-22T13:26:15.871Z] Command:       /opt/homebrew/Cellar/node/19.4.0_1/bin/node /opt/homebrew/bin/firebase init
[debug] [2023-10-22T13:26:15.871Z] CLI Version:   12.7.0
[debug] [2023-10-22T13:26:15.872Z] Platform:      darwin
[debug] [2023-10-22T13:26:15.872Z] Node Version:  v19.4.0
[debug] [2023-10-22T13:26:15.872Z] Time:          Sun Oct 22 2023 22:26:15 GMT+0900 (대한민국 표준시)
[debug] [2023-10-22T13:26:15.872Z] ----------------------------------------------------------------------
[debug] 
[debug] [2023-10-22T13:26:15.878Z] > command requires scopes: ["email","openid","https://www.googleapis.com/auth/cloudplatformprojects.readonly","https://www.googleapis.com/auth/firebase","https://www.googleapis.com/auth/cloud-platform"]
[debug] [2023-10-22T13:26:15.879Z] > authorizing via signed-in user (gusdn7269@gmail.com)
[info] 
     ######## #### ########  ######## ########     ###     ######  ########
     ##        ##  ##     ## ##       ##     ##  ##   ##  ##       ##
     ######    ##  ########  ######   ########  #########  ######  ######
     ##        ##  ##    ##  ##       ##     ## ##     ##       ## ##
     ##       #### ##     ## ######## ########  ##     ##  ######  ########

You're about to initialize a Firebase project in this directory:

  /Users/hyeonwoo/project/interval-timer

[info] 
=== Project Setup
[info] 
[info] First, let's associate this project directory with a Firebase project.
[info] You can create multiple project aliases by running firebase use --add, 
[info] but for now we'll just set up a default project.
[info] 
[info] i  If you want to create a project in a Google Cloud organization or folder, please use "firebase projects:create" instead, and return to this command when you've created the project. 
[debug] [2023-10-22T13:26:53.765Z] > refreshing access token with scopes: []
[debug] [2023-10-22T13:26:53.768Z] >>> [apiv2][query] POST https://www.googleapis.com/oauth2/v3/token [none]
[debug] [2023-10-22T13:26:53.769Z] >>> [apiv2][body] POST https://www.googleapis.com/oauth2/v3/token [omitted]
[debug] [2023-10-22T13:26:54.023Z] <<< [apiv2][status] POST https://www.googleapis.com/oauth2/v3/token 200
[debug] [2023-10-22T13:26:54.023Z] <<< [apiv2][body] POST https://www.googleapis.com/oauth2/v3/token [omitted]
[debug] [2023-10-22T13:26:54.035Z] >>> [apiv2][query] POST https://cloudresourcemanager.googleapis.com/v1/projects [none]
[debug] [2023-10-22T13:26:54.035Z] >>> [apiv2][body] POST https://cloudresourcemanager.googleapis.com/v1/projects {"projectId":"intervalTimer","name":"intervalTimer"}
[debug] [2023-10-22T13:26:54.891Z] <<< [apiv2][status] POST https://cloudresourcemanager.googleapis.com/v1/projects 400
[debug] [2023-10-22T13:26:54.891Z] <<< [apiv2][body] POST https://cloudresourcemanager.googleapis.com/v1/projects {"error":{"code":400,"message":"field [project_id] has issue [project_id contains invalid characters]","status":"INVALID_ARGUMENT","details":[{"@type":"type.googleapis.com/google.rpc.BadRequest","fieldViolations":[{"field":"project_id","description":"project_id contains invalid characters"}]},{"@type":"type.googleapis.com/google.rpc.Help","links":[{"url":"https://cloud.google.com/resource-manager/reference/rest/v1/projects"}]}]}}
[debug] [2023-10-22T13:26:55.069Z] FirebaseError: HTTP Error: 400, field [project_id] has issue [project_id contains invalid characters]
    at responseToError (/opt/homebrew/lib/node_modules/firebase-tools/lib/responseToError.js:49:12)
    at RetryOperation._fn (/opt/homebrew/lib/node_modules/firebase-tools/lib/apiv2.js:285:77)
    at process.processTicksAndRejections (node:internal/process/task_queues:95:5)
[error] 
[error] Error: Failed to create project. See firebase-debug.log for more info.
[debug] [2023-10-22T13:27:00.297Z] ----------------------------------------------------------------------
[debug] [2023-10-22T13:27:00.299Z] Command:       /opt/homebrew/Cellar/node/19.4.0_1/bin/node /opt/homebrew/bin/firebase init
[debug] [2023-10-22T13:27:00.299Z] CLI Version:   12.7.0
[debug] [2023-10-22T13:27:00.299Z] Platform:      darwin
[debug] [2023-10-22T13:27:00.300Z] Node Version:  v19.4.0
[debug] [2023-10-22T13:27:00.300Z] Time:          Sun Oct 22 2023 22:27:00 GMT+0900 (대한민국 표준시)
[debug] [2023-10-22T13:27:00.300Z] ----------------------------------------------------------------------
[debug] 
[debug] [2023-10-22T13:27:00.302Z] > command requires scopes: ["email","openid","https://www.googleapis.com/auth/cloudplatformprojects.readonly","https://www.googleapis.com/auth/firebase","https://www.googleapis.com/auth/cloud-platform"]
[debug] [2023-10-22T13:27:00.302Z] > authorizing via signed-in user (gusdn7269@gmail.com)
[info] 
     ######## #### ########  ######## ########     ###     ######  ########
     ##        ##  ##     ## ##       ##     ##  ##   ##  ##       ##
     ######    ##  ########  ######   ########  #########  ######  ######
     ##        ##  ##    ##  ##       ##     ## ##     ##       ## ##
     ##       #### ##     ## ######## ########  ##     ##  ######  ########

You're about to initialize a Firebase project in this directory:

  /Users/hyeonwoo/project/interval-timer

[info] 
=== Project Setup
[info] 
[info] First, let's associate this project directory with a Firebase project.
[info] You can create multiple project aliases by running firebase use --add, 
[info] but for now we'll just set up a default project.
[info] 
[info] i  If you want to create a project in a Google Cloud organization or folder, please use "firebase projects:create" instead, and return to this command when you've created the project. 
[debug] [2023-10-22T13:27:16.634Z] >>> [apiv2][query] POST https://cloudresourcemanager.googleapis.com/v1/projects [none]
[debug] [2023-10-22T13:27:16.635Z] >>> [apiv2][body] POST https://cloudresourcemanager.googleapis.com/v1/projects {"projectId":"intervalTimer","name":"intervalTimer"}
[debug] [2023-10-22T13:27:17.526Z] <<< [apiv2][status] POST https://cloudresourcemanager.googleapis.com/v1/projects 400
[debug] [2023-10-22T13:27:17.526Z] <<< [apiv2][body] POST https://cloudresourcemanager.googleapis.com/v1/projects {"error":{"code":400,"message":"field [project_id] has issue [project_id contains invalid characters]","status":"INVALID_ARGUMENT","details":[{"@type":"type.googleapis.com/google.rpc.BadRequest","fieldViolations":[{"field":"project_id","description":"project_id contains invalid characters"}]},{"@type":"type.googleapis.com/google.rpc.Help","links":[{"url":"https://cloud.google.com/resource-manager/reference/rest/v1/projects"}]}]}}
[debug] [2023-10-22T13:27:17.731Z] FirebaseError: HTTP Error: 400, field [project_id] has issue [project_id contains invalid characters]
    at responseToError (/opt/homebrew/lib/node_modules/firebase-tools/lib/responseToError.js:49:12)
    at RetryOperation._fn (/opt/homebrew/lib/node_modules/firebase-tools/lib/apiv2.js:285:77)
    at process.processTicksAndRejections (node:internal/process/task_queues:95:5)
[error] 
[error] Error: Failed to create project. See firebase-debug.log for more info.
[debug] [2023-10-22T13:31:10.996Z] ----------------------------------------------------------------------
[debug] [2023-10-22T13:31:10.998Z] Command:       /opt/homebrew/Cellar/node/19.4.0_1/bin/node /opt/homebrew/bin/firebase init
[debug] [2023-10-22T13:31:10.998Z] CLI Version:   12.7.0
[debug] [2023-10-22T13:31:10.998Z] Platform:      darwin
[debug] [2023-10-22T13:31:10.998Z] Node Version:  v19.4.0
[debug] [2023-10-22T13:31:10.998Z] Time:          Sun Oct 22 2023 22:31:10 GMT+0900 (대한민국 표준시)
[debug] [2023-10-22T13:31:10.998Z] ----------------------------------------------------------------------
[debug] 
[debug] [2023-10-22T13:31:11.001Z] > command requires scopes: ["email","openid","https://www.googleapis.com/auth/cloudplatformprojects.readonly","https://www.googleapis.com/auth/firebase","https://www.googleapis.com/auth/cloud-platform"]
[debug] [2023-10-22T13:31:11.001Z] > authorizing via signed-in user (gusdn7269@gmail.com)
[info] 
     ######## #### ########  ######## ########     ###     ######  ########
     ##        ##  ##     ## ##       ##     ##  ##   ##  ##       ##
     ######    ##  ########  ######   ########  #########  ######  ######
     ##        ##  ##    ##  ##       ##     ## ##     ##       ## ##
     ##       #### ##     ## ######## ########  ##     ##  ######  ########

You're about to initialize a Firebase project in this directory:

  /Users/hyeonwoo/project/interval-timer

[info] 
=== Project Setup
[info] 
[info] First, let's associate this project directory with a Firebase project.
[info] You can create multiple project aliases by running firebase use --add, 
[info] but for now we'll just set up a default project.
[info] 
[debug] [2023-10-22T13:31:23.203Z] >>> [apiv2][query] GET https://firebase.googleapis.com/v1beta1/projects pageSize=100
[debug] [2023-10-22T13:31:24.118Z] <<< [apiv2][status] GET https://firebase.googleapis.com/v1beta1/projects 200
[debug] [2023-10-22T13:31:24.118Z] <<< [apiv2][body] GET https://firebase.googleapis.com/v1beta1/projects [omitted]
[info] i  Using project diet-timer (diet-timer) 
[info] 
=== Hosting Setup
[info] 
[info] Your public directory is the folder (relative to your project directory) that
[info] will contain Hosting assets to be uploaded with firebase deploy. If you
[info] have a build process for your assets, use your build's output directory.
[info] 
[info] ✔  Wrote public/404.html 
[debug] [2023-10-22T13:31:46.859Z] >>> [apiv2][query] GET https://www.gstatic.com/firebasejs/releases.json [none]
[debug] [2023-10-22T13:31:47.060Z] <<< [apiv2][status] GET https://www.gstatic.com/firebasejs/releases.json 200
[debug] [2023-10-22T13:31:47.060Z] <<< [apiv2][body] GET https://www.gstatic.com/firebasejs/releases.json {"current":{"version":"10.5.0","browserURL":"https://www.gstatic.com/firebasejs/10.5.0/firebase.js","packageURL":"https://www.gstatic.com/firebasejs/10.5.0/firebase.tgz"},"live":{"version":"10.5","browserURL":"https://www.gstatic.com/firebasejs/live/10.5/firebase.js","packageURL":"https://www.gstatic.com/firebasejs/live/10.5/firebase.tgz"},"components":{"analytics":"https://www.gstatic.com/firebasejs/10.5.0/firebase-analytics.js","app":"https://www.gstatic.com/firebasejs/10.5.0/firebase-app.js","app-check":"https://www.gstatic.com/firebasejs/10.5.0/firebase-app-check.js","auth":"https://www.gstatic.com/firebasejs/10.5.0/firebase-auth.js","auth/cordova":"https://www.gstatic.com/firebasejs/10.5.0/firebase-auth/cordova.js","functions":"https://www.gstatic.com/firebasejs/10.5.0/firebase-functions.js","firestore":"https://www.gstatic.com/firebasejs/10.5.0/firebase-firestore.js","firestore/lite":"https://www.gstatic.com/firebasejs/10.5.0/firebase-firestore/lite.js","installations":"https://www.gstatic.com/firebasejs/10.5.0/firebase-installations.js","storage":"https://www.gstatic.com/firebasejs/10.5.0/firebase-storage.js","performance":"https://www.gstatic.com/firebasejs/10.5.0/firebase-performance.js","remote-config":"https://www.gstatic.com/firebasejs/10.5.0/firebase-remote-config.js","messaging":"https://www.gstatic.com/firebasejs/10.5.0/firebase-messaging.js","messaging/sw":"https://www.gstatic.com/firebasejs/10.5.0/firebase-messaging/sw.js","database":"https://www.gstatic.com/firebasejs/10.5.0/firebase-database.js","firestore.memory":"https://www.gstatic.com/firebasejs/10.5.0/firebase-firestore.memory.js"}}
[info] ✔  Wrote public/index.html 
[info] 
[info] i  Didn't detect a .git folder. Assuming /Users/hyeonwoo/project/interval-timer is the project root. 
[info] i  Authorizing with GitHub to upload your service account to a GitHub repository's secrets store. 
[info] 
[info] Visit this URL on this device to log in:
[info] https://github.com/login/oauth/authorize?client_id=89cf50f02ac6aaed3484&state=486527477&redirect_uri=http%3A%2F%2Flocalhost%3A9005&scope=read%3Auser%20repo%20public_repo
[info] 
[info] Waiting for authentication...
[debug] [2023-10-22T13:32:00.565Z] >>> [apiv2][query] POST https://github.com/login/oauth/access_token [none]
[debug] [2023-10-22T13:32:00.565Z] >>> [apiv2][body] POST https://github.com/login/oauth/access_token [stream]
[debug] [2023-10-22T13:32:00.859Z] <<< [apiv2][status] POST https://github.com/login/oauth/access_token 200
[debug] [2023-10-22T13:32:00.859Z] <<< [apiv2][body] POST https://github.com/login/oauth/access_token {"access_token":"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","token_type":"bearer","scope":"read:user,repo"}
[debug] [2023-10-22T13:32:00.865Z] >>> [apiv2][query] GET https://api.github.com/user [none]
[debug] [2023-10-22T13:32:01.194Z] <<< [apiv2][status] GET https://api.github.com/user 200
[debug] [2023-10-22T13:32:01.194Z] <<< [apiv2][body] GET https://api.github.com/user {"login":"Realhyeonwoo","id":51728191,"node_id":"MDQ6VXNlcjUxNzI4MTkx","avatar_url":"https://avatars.githubusercontent.com/u/51728191?v=4","gravatar_id":"","url":"https://api.github.com/users/Realhyeonwoo","html_url":"https://github.com/Realhyeonwoo","followers_url":"https://api.github.com/users/Realhyeonwoo/followers","following_url":"https://api.github.com/users/Realhyeonwoo/following{/other_user}","gists_url":"https://api.github.com/users/Realhyeonwoo/gists{/gist_id}","starred_url":"https://api.github.com/users/Realhyeonwoo/starred{/owner}{/repo}","subscriptions_url":"https://api.github.com/users/Realhyeonwoo/subscriptions","organizations_url":"https://api.github.com/users/Realhyeonwoo/orgs","repos_url":"https://api.github.com/users/Realhyeonwoo/repos","events_url":"https://api.github.com/users/Realhyeonwoo/events{/privacy}","received_events_url":"https://api.github.com/users/Realhyeonwoo/received_events","type":"User","site_admin":false,"name":null,"company":null,"blog":"","location":null,"email":null,"hireable":null,"bio":null,"twitter_username":null,"public_repos":26,"public_gists":0,"followers":1,"following":1,"created_at":"2019-06-12T01:27:50Z","updated_at":"2023-07-01T06:42:53Z","private_gists":0,"total_private_repos":0,"owned_private_repos":0,"disk_usage":179961,"collaborators":0,"two_factor_authentication":false,"plan":{"name":"free","space":976562499,"collaborators":0,"private_repos":10000}}
[info] 
[info] ✔  Success! Logged into GitHub as Realhyeonwoo 
[info] 
